[35m[1mScanning dependencies of target uAvionix.xml-v2.0[0m
[35m[1mScanning dependencies of target slugs.xml-v2.0[0m
[35m[1mScanning dependencies of target paparazzi.xml-v2.0[0m
[  9%] [34m[1mGenerating slugs-v2.0-cxx-stamp[0m
[  9%] [34m[1mGenerating uAvionix-v2.0-cxx-stamp[0m
[ 13%] [34m[1mGenerating paparazzi-v2.0-cxx-stamp[0m
Traceback (most recent call last):
  File "/home/soyeong/sve_design_project/src/control/mavlink/pymavlink/tools/mavgen.py", line 16, in <module>
    from pymavlink.generator import mavgen
  File "/home/soyeong/sve_design_project/src/control/mavlink/pymavlink/generator/mavgen.py", line 12, in <module>
    from future import standard_library
ImportError: No module named future
Traceback (most recent call last):
  File "/home/soyeong/sve_design_project/src/control/mavlink/pymavlink/tools/mavgen.py", line 16, in <module>
    from pymavlink.generator import mavgen
  File "/home/soyeong/sve_design_project/src/control/mavlink/pymavlink/generator/mavgen.py", line 12, in <module>
    from future import standard_library
ImportError: No module named future
make[2]: *** [slugs-v2.0-cxx-stamp] Error 1
make[2]: *** [uAvionix-v2.0-cxx-stamp] Error 1
CMakeFiles/slugs.xml-v2.0.dir/build.make:62: recipe for target 'slugs-v2.0-cxx-stamp' failed
CMakeFiles/uAvionix.xml-v2.0.dir/build.make:62: recipe for target 'uAvionix-v2.0-cxx-stamp' failed
CMakeFiles/Makefile2:104: recipe for target 'CMakeFiles/slugs.xml-v2.0.dir/all' failed
CMakeFiles/Makefile2:67: recipe for target 'CMakeFiles/uAvionix.xml-v2.0.dir/all' failed
make[1]: *** [CMakeFiles/slugs.xml-v2.0.dir/all] Error 2
make[1]: *** Waiting for unfinished jobs....
make[1]: *** [CMakeFiles/uAvionix.xml-v2.0.dir/all] Error 2
Traceback (most recent call last):
  File "/home/soyeong/sve_design_project/src/control/mavlink/pymavlink/tools/mavgen.py", line 16, in <module>
    from pymavlink.generator import mavgen
  File "/home/soyeong/sve_design_project/src/control/mavlink/pymavlink/generator/mavgen.py", line 12, in <module>
    from future import standard_library
ImportError: No module named future
CMakeFiles/paparazzi.xml-v2.0.dir/build.make:62: recipe for target 'paparazzi-v2.0-cxx-stamp' failed
CMakeFiles/Makefile2:141: recipe for target 'CMakeFiles/paparazzi.xml-v2.0.dir/all' failed
Makefile:117: recipe for target 'all' failed
make[2]: *** [paparazzi-v2.0-cxx-stamp] Error 1
make[1]: *** [CMakeFiles/paparazzi.xml-v2.0.dir/all] Error 2
make: *** [all] Error 2
